###################
###################

git add:


git status:
    # On branch master
    # Changes to be committed:
    #   (use "git reset HEAD <file>..." to unstage)
    #
    #	modified:   build/_book/1-1-hi.html
    #	modified:   build/_book/1-2-prepreintro2.html
    #	modified:   build/_book/1-3-targetAudience.html
    #	modified:   build/_book/1-4-targetAudienceNeeds.html
    #	modified:   build/_book/1-MAINTITLE.html
    #	modified:   build/_book/10-1-appMon2.html
    #	modified:   build/_book/10-2-appMon3.html
    #	modified:   build/_book/10-3-appMon4.html
    #	modified:   build/_book/10-appMon1.html
    #	modified:   build/_book/11-1-miscmisccmd2.html
    #	modified:   build/_book/11-questions.html
    #	modified:   build/_book/12-legal.html
    #	modified:   build/_book/2-1-whycloud2.html
    #	modified:   build/_book/2-2-whycloud3.html
    #	modified:   build/_book/2-whycloud.html
    #	modified:   build/_book/3-1-whichCloud1.html
    #	modified:   build/_book/3-2-whichCloud2.html
    #	modified:   build/_book/3-whichCloud.html
    #	modified:   build/_book/4-dnanexusIntro.html
    #	modified:   build/_book/5-1-getStarted1.html
    #	modified:   build/_book/5-2-getStarted2.html
    #	modified:   build/_book/5-3-getStarted3.html
    #	modified:   build/_book/5-4-getStarted4.html
    #	modified:   build/_book/5-5-getStarted5.html
    #	modified:   build/_book/5-6-getStarted6.html
    #	modified:   build/_book/5-getStarted.html
    #	modified:   build/_book/6-1-dxweb0.html
    #	modified:   build/_book/6-2-dxweb1.html
    #	modified:   build/_book/6-3-dxweb2.html
    #	modified:   build/_book/6-4-dxweb4.html
    #	modified:   build/_book/6-CMDvsGUI.html
    #	modified:   build/_book/7-1-dx1.html
    #	modified:   build/_book/7-2-dx1a.html
    #	modified:   build/_book/7-3-dx1b.html
    #	modified:   build/_book/7-4-dx2.html
    #	modified:   build/_book/7-5-dx3.html
    #	modified:   build/_book/7-dx0.html
    #	modified:   build/_book/8-1-dnaNexusAppsGATK1.html
    #	modified:   build/_book/8-2-dnaNexusAppsGATK2.html
    #	modified:   build/_book/8-3-dnaNexusAppsGATK3.html
    #	modified:   build/_book/8-4-dnaNexusAppsGATK4.html
    #	modified:   build/_book/8-dnanexusNotes.html
    #	modified:   build/_book/9-1-dnanexusCmdLine1.html
    #	modified:   build/_book/9-2-rbinfotk.html
    #	modified:   build/_book/9-3-rbinfotkr.html
    #	modified:   build/_book/9-dnanexusCmdLine0.html
    #	modified:   build/_book/references.html
    #	modified:   build/_book/search_index.json
    #	modified:   build/dnaNexusTutorial.SWH.2019.09.Rmd
    #	modified:   commitInfo.rc
    #	modified:   commitLogs/0.1.8.log
    #	new file:   commitLogs/0.1.9.log
    #	new file:   commitLogs/commitInfo.0.1.8.rc
    #	modified:   docs/1-1-hi.html
    #	modified:   docs/1-2-prepreintro2.html
    #	modified:   docs/1-3-targetAudience.html
    #	modified:   docs/1-4-targetAudienceNeeds.html
    #	modified:   docs/1-MAINTITLE.html
    #	modified:   docs/10-1-appMon2.html
    #	modified:   docs/10-2-appMon3.html
    #	modified:   docs/10-3-appMon4.html
    #	modified:   docs/10-appMon1.html
    #	modified:   docs/11-1-miscmisccmd2.html
    #	modified:   docs/11-questions.html
    #	modified:   docs/12-legal.html
    #	modified:   docs/2-1-whycloud2.html
    #	modified:   docs/2-2-whycloud3.html
    #	modified:   docs/2-whycloud.html
    #	modified:   docs/3-1-whichCloud1.html
    #	modified:   docs/3-2-whichCloud2.html
    #	modified:   docs/3-whichCloud.html
    #	modified:   docs/4-dnanexusIntro.html
    #	modified:   docs/5-1-getStarted1.html
    #	modified:   docs/5-2-getStarted2.html
    #	modified:   docs/5-3-getStarted3.html
    #	modified:   docs/5-4-getStarted4.html
    #	modified:   docs/5-5-getStarted5.html
    #	modified:   docs/5-6-getStarted6.html
    #	modified:   docs/5-getStarted.html
    #	modified:   docs/6-1-dxweb0.html
    #	modified:   docs/6-2-dxweb1.html
    #	modified:   docs/6-3-dxweb2.html
    #	modified:   docs/6-4-dxweb4.html
    #	modified:   docs/6-CMDvsGUI.html
    #	modified:   docs/7-1-dx1.html
    #	modified:   docs/7-2-dx1a.html
    #	modified:   docs/7-3-dx1b.html
    #	modified:   docs/7-4-dx2.html
    #	modified:   docs/7-5-dx3.html
    #	modified:   docs/7-dx0.html
    #	modified:   docs/8-1-dnaNexusAppsGATK1.html
    #	modified:   docs/8-2-dnaNexusAppsGATK2.html
    #	modified:   docs/8-3-dnaNexusAppsGATK3.html
    #	modified:   docs/8-4-dnaNexusAppsGATK4.html
    #	modified:   docs/8-dnanexusNotes.html
    #	modified:   docs/9-1-dnanexusCmdLine1.html
    #	modified:   docs/9-2-rbinfotk.html
    #	modified:   docs/9-3-rbinfotkr.html
    #	modified:   docs/9-dnanexusCmdLine0.html
    #	modified:   docs/index.html
    #	modified:   docs/references.html
    #	modified:   docs/search_index.json
    #
    # Changes not staged for commit:
    #   (use "git add/rm <file>..." to update what will be committed)
    #   (use "git checkout -- <file>..." to discard changes in working directory)
    #
    #	deleted:    build/_book/10-1-miscmisccmd2.html
    #	deleted:    build/_book/10-questions.html
    #	deleted:    build/_book/11-legal.html
    #	deleted:    build/_book/3-dnanexusIntro.html
    #	deleted:    build/_book/4-1-getStarted1.html
    #	deleted:    build/_book/4-2-getStarted2.html
    #	deleted:    build/_book/4-3-getStarted3.html
    #	deleted:    build/_book/4-4-getStarted4.html
    #	deleted:    build/_book/4-5-getStarted5.html
    #	deleted:    build/_book/4-6-getStarted6.html
    #	deleted:    build/_book/4-getStarted.html
    #	deleted:    build/_book/5-1-dxweb0.html
    #	deleted:    build/_book/5-2-dxweb1.html
    #	deleted:    build/_book/5-3-dxweb2.html
    #	deleted:    build/_book/5-4-dxweb4.html
    #	deleted:    build/_book/5-CMDvsGUI.html
    #	deleted:    build/_book/6-1-dx1.html
    #	deleted:    build/_book/6-2-dx1a.html
    #	deleted:    build/_book/6-3-dx1b.html
    #	deleted:    build/_book/6-4-dx2.html
    #	deleted:    build/_book/6-5-dx3.html
    #	deleted:    build/_book/6-dx0.html
    #	deleted:    build/_book/7-1-dnaNexusAppsGATK1.html
    #	deleted:    build/_book/7-2-dnaNexusAppsGATK2.html
    #	deleted:    build/_book/7-3-dnaNexusAppsGATK3.html
    #	deleted:    build/_book/7-4-dnaNexusAppsGATK4.html
    #	deleted:    build/_book/7-dnanexusNotes.html
    #	deleted:    build/_book/8-1-dnanexusCmdLine1.html
    #	deleted:    build/_book/8-2-rbinfotk.html
    #	deleted:    build/_book/8-3-rbinfotkr.html
    #	deleted:    build/_book/8-dnanexusCmdLine0.html
    #	deleted:    build/_book/9-1-appMon2.html
    #	deleted:    build/_book/9-2-appMon3.html
    #	deleted:    build/_book/9-3-appMon4.html
    #	deleted:    build/_book/9-appMon1.html
    #	deleted:    build/_book/_main.pdf
    #	deleted:    build/_book/buildApp.html
    #	deleted:    build/_book/dlres.html
    #	deleted:    build/_book/example.html
    #	deleted:    build/_book/img/dnaNexus.frontpage.PNG
    #	deleted:    build/_book/legal.html
    #	deleted:    build/_book/misccmd.html
    #	deleted:    build/_book/modTheApp.html
    #	deleted:    build/_book/run.html
    #	deleted:    build/_book/setup.html
    #	deleted:    build/_book/styles.css
    #	deleted:    build/_book/styles.js
    #	deleted:    build/_book/uploadInput.html
    #	deleted:    build/_book/web.html
    #	deleted:    build/_book/wiz.html
    #	deleted:    build/_main.Rmd
    #	deleted:    build/dnaNexusTutorial.SWH.2019.09.scrap.Rmd
    #	deleted:    build/scrap/codeblockwiz.2.txt
    #	deleted:    build/scrap/codeblockwiz.txt
    #	deleted:    build/scrap/dnaNexusTutorial.SWH.2019.09.Rmd
    #	modified:   commitLogs/0.1.9.log
    #	deleted:    docs/_main.pdf
    #


git commit:
    [master 512eb32] 0.1.9
     102 files changed, 232 insertions(+), 124 deletions(-)
     create mode 100644 commitLogs/0.1.9.log
     create mode 100644 commitLogs/commitInfo.0.1.8.rc


git push:
    To https://github.com/hartleys/DnaNexusTutorial
       8ff40e1..512eb32  master -> master
