###################
###################

git add:


git status:
    # On branch master
    # Changes to be committed:
    #   (use "git reset HEAD <file>..." to unstage)
    #
    #	modified:   build/_book/10-questions.html
    #	modified:   build/_book/6-2-dx1a.html
    #	modified:   build/_book/search_index.json
    #	modified:   build/buildScripts.bash
    #	modified:   commitInfo.rc
    #	modified:   commitLogs/0.1.4.log
    #	new file:   commitLogs/0.1.5.log
    #	new file:   commitLogs/commitInfo.0.1.4.rc
    #	modified:   docs/10-questions.html
    #	modified:   docs/6-2-dx1a.html
    #	typechange: docs/index.html
    #	modified:   docs/search_index.json
    #
    # Changes not staged for commit:
    #   (use "git add/rm <file>..." to update what will be committed)
    #   (use "git checkout -- <file>..." to discard changes in working directory)
    #
    #	deleted:    build/_book/_main.pdf
    #	deleted:    build/_book/buildApp.html
    #	deleted:    build/_book/dlres.html
    #	deleted:    build/_book/example.html
    #	deleted:    build/_book/legal.html
    #	deleted:    build/_book/misccmd.html
    #	deleted:    build/_book/modTheApp.html
    #	deleted:    build/_book/run.html
    #	deleted:    build/_book/setup.html
    #	deleted:    build/_book/styles.css
    #	deleted:    build/_book/styles.js
    #	deleted:    build/_book/uploadInput.html
    #	deleted:    build/_book/web.html
    #	deleted:    build/_book/wiz.html
    #	deleted:    build/_main.Rmd
    #	deleted:    build/dnaNexusTutorial.SWH.2019.09.scrap.Rmd
    #	deleted:    build/scrap/codeblockwiz.2.txt
    #	deleted:    build/scrap/codeblockwiz.txt
    #	deleted:    build/scrap/dnaNexusTutorial.SWH.2019.09.Rmd
    #	modified:   commitLogs/0.1.5.log
    #	deleted:    docs/_main.pdf
    #


git commit:
    [master 8a94a14] 0.1.5
     12 files changed, 356 insertions(+), 14 deletions(-)
     create mode 100644 commitLogs/0.1.5.log
     create mode 100644 commitLogs/commitInfo.0.1.4.rc
     rewrite docs/index.html (100%)
     mode change 120000 => 100644


git push:
    To https://github.com/hartleys/DnaNexusTutorial
       9e8b942..8a94a14  master -> master
